<?xml version="1.0" encoding="UTF-8"?>
<!-- Generated by org.testng.reporters.JUnitReportReporter -->
<testsuite hostname="LT-NB-383" failures="0" tests="2" name="prasanth.vb.JavaPrograms.FibonacciSeries" time="0.009" errors="0" timestamp="21 Jun 2021 11:53:30 GMT" skipped="0">
  <testcase classname="prasanth.vb.JavaPrograms.FibonacciSeries" name="series" time="0.008"/>
  <testcase classname="prasanth.vb.JavaPrograms.FibonacciSeries" name="fibonacciSeries" time="0.001"/>
</testsuite> <!-- prasanth.vb.JavaPrograms.FibonacciSeries -->
