<?xml version="1.0" encoding="UTF-8"?>
<!-- Generated by org.testng.reporters.JUnitReportReporter -->
<testsuite hostname="LT-NB-383" failures="0" tests="1" name="prasanth.vb.JavaPrograms.ArmstrongNumber" time="0.009" errors="0" timestamp="21 Jun 2021 11:53:01 GMT" skipped="0">
  <testcase classname="prasanth.vb.JavaPrograms.ArmstrongNumber" name="arm1" time="0.009"/>
</testsuite> <!-- prasanth.vb.JavaPrograms.ArmstrongNumber -->
